[0213/121030.224:INFO:CONSOLE(180)] "Event handler of 'x-storagemutated-1' event must be added on the initial evaluation of worker script.", source: https://static.whatsapp.net/rsrc.php/v4/yR/r/nL4Hm8M_2_m.js (180)
[0213/121030.508:INFO:CONSOLE(0)] "Error with Permissions-Policy header: Feature xr-spatial-tracking's parameters are ignored.", source:  (0)
[0213/121030.508:INFO:CONSOLE(0)] "Error with Permissions-Policy header: Origin trial controlled feature not enabled: 'attribution-reporting'.", source:  (0)
[0213/121030.509:INFO:CONSOLE(0)] "Error with Permissions-Policy header: Unrecognized feature: 'compute-pressure'.", source:  (0)
[0213/121030.509:INFO:CONSOLE(0)] "Error with Permissions-Policy header: Origin trial controlled feature not enabled: 'interest-cohort'.", source:  (0)
[0213/121030.509:INFO:CONSOLE(0)] "Error with Permissions-Policy header: Unrecognized feature: 'private-state-token-issuance'.", source:  (0)
[0213/121030.509:INFO:CONSOLE(0)] "Error with Permissions-Policy header: Origin trial controlled feature not enabled: 'shared-storage'.", source:  (0)
[0213/121030.509:INFO:CONSOLE(0)] "Error with Permissions-Policy header: Unrecognized feature: 'shared-storage-select-url'.", source:  (0)
[0213/121030.509:INFO:CONSOLE(0)] "Error with Permissions-Policy header: Unrecognized feature: 'private-state-token-redemption'.", source:  (0)
[0213/121030.509:INFO:CONSOLE(0)] "Error with Permissions-Policy header: Unrecognized feature: 'unload'.", source:  (0)
[0213/121030.509:INFO:CONSOLE(0)] "Error with Permissions-Policy header: Unrecognized feature: 'window-management'.", source:  (0)
[0213/121030.509:INFO:CONSOLE(0)] "Document-Policy HTTP header: Unrecognized document policy feature name include-js-call-stacks-in-crash-reports.", source: https://web.whatsapp.com/ (0)
[0213/121031.007:INFO:CONSOLE(77)] "ErrorUtils caught an error:

[uim] Attempting to set multiple UIM tree roots. Expecting only one. Existing root: App, New root: App (multiple-uim-roots)

Subsequent non-fatal errors won't be logged; see https://fburl.com/debugjs. [object Object]", source: https://static.whatsapp.net/rsrc.php/v4/y1/r/nNYs_w7IK4e.js (77)
[0213/121031.848:INFO:CONSOLE(180)] "Event handler of 'x-storagemutated-1' event must be added on the initial evaluation of worker script.", source: https://static.whatsapp.net/rsrc.php/v4/yl/r/5Nf67KXD93_.js (180)
[0213/121034.614:INFO:CONSOLE(77)] "ErrorUtils caught an error:

Requiring unknown module "WAPhoneUtils"

Subsequent non-fatal errors won't be logged; see https://fburl.com/debugjs. [object Object]", source: https://static.whatsapp.net/rsrc.php/v4/y1/r/nNYs_w7IK4e.js (77)
[0213/121034.616:INFO:CONSOLE(77)] "ErrorUtils caught an error:

Requiring unknown module "WAWebNewsletterToggleMuteStateJob"

Subsequent non-fatal errors won't be logged; see https://fburl.com/debugjs. [object Object]", source: https://static.whatsapp.net/rsrc.php/v4/y1/r/nNYs_w7IK4e.js (77)
[0213/121131.611:INFO:CONSOLE(180)] "Event handler of 'x-storagemutated-1' event must be added on the initial evaluation of worker script.", source: https://static.whatsapp.net/rsrc.php/v4/yl/r/5Nf67KXD93_.js (180)
[0213/121325.557:INFO:CONSOLE(180)] "Event handler of 'x-storagemutated-1' event must be added on the initial evaluation of worker script.", source: https://static.whatsapp.net/rsrc.php/v4/yl/r/5Nf67KXD93_.js (180)
[0213/121424.203:INFO:CONSOLE(180)] "Event handler of 'x-storagemutated-1' event must be added on the initial evaluation of worker script.", source: https://static.whatsapp.net/rsrc.php/v4/yl/r/5Nf67KXD93_.js (180)
[0213/121524.174:INFO:CONSOLE(180)] "Event handler of 'x-storagemutated-1' event must be added on the initial evaluation of worker script.", source: https://static.whatsapp.net/rsrc.php/v4/yl/r/5Nf67KXD93_.js (180)
[0213/122400.844:INFO:CONSOLE(180)] "Event handler of 'x-storagemutated-1' event must be added on the initial evaluation of worker script.", source: https://static.whatsapp.net/rsrc.php/v4/yl/r/5Nf67KXD93_.js (180)
